<?xml version="1.0" encoding="UTF-8"?>
<testng-results skipped="0" failed="0" total="1" passed="1">
  <reporter-output>
  </reporter-output>
  <suite name="Default suite" duration-ms="47474" started-at="2017-01-15T10:51:18Z" finished-at="2017-01-15T10:52:05Z">
    <groups>
    </groups>
    <test name="Default test" duration-ms="47474" started-at="2017-01-15T10:51:18Z" finished-at="2017-01-15T10:52:05Z">
      <class name="testcases.VerifyLoginPageWithReports">
        <test-method status="PASS" signature="setup()[pri:0, instance:testcases.VerifyLoginPageWithReports@5ba23b66]" name="setup" is-config="true" duration-ms="37995" started-at="2017-01-15T16:21:18Z" finished-at="2017-01-15T16:21:56Z">
          <reporter-output>
          </reporter-output>
        </test-method> <!-- setup -->
        <test-method status="PASS" signature="testHomePage()[pri:0, instance:testcases.VerifyLoginPageWithReports@5ba23b66]" name="testHomePage" duration-ms="9016" started-at="2017-01-15T16:21:56Z" finished-at="2017-01-15T16:22:05Z">
          <reporter-output>
          </reporter-output>
        </test-method> <!-- testHomePage -->
        <test-method status="PASS" signature="tearDown(org.testng.ITestResult)[pri:0, instance:testcases.VerifyLoginPageWithReports@5ba23b66]" name="tearDown" is-config="true" duration-ms="426" started-at="2017-01-15T16:22:05Z" finished-at="2017-01-15T16:22:05Z">
          <params>
            <param index="0">
              <value>
                <![CDATA[[TestResult name=testHomePage status=SUCCESS method=VerifyLoginPageWithReports.testHomePage()[pri:0, instance:testcases.VerifyLoginPageWithReports@5ba23b66] output={null}]]]>
              </value>
            </param>
          </params>
          <reporter-output>
          </reporter-output>
        </test-method> <!-- tearDown -->
      </class> <!-- testcases.VerifyLoginPageWithReports -->
    </test> <!-- Default test -->
  </suite> <!-- Default suite -->
</testng-results>
